<?xml version="1.0" encoding="UTF-8"?>
<testsuite xmlns:xsi="http://www.w3.org/2001/XMLSchema-instance" xsi:noNamespaceSchemaLocation="https://maven.apache.org/surefire/maven-surefire-plugin/xsd/surefire-test-report-3.0.xsd" version="3.0" name="com.tallerwebi.integracion.ControladorLoginTest" time="26.041" tests="2" errors="0" skipped="0" failures="0">
  <properties>
[...]
</properties>
  <testcase name="debeRetornarLaPaginaLoginCuandoSeNavegaALLogin" classname="com.tallerwebi.integracion.ControladorLoginTest" time="12.214">
    <system-out><![CDATA[Hibernate: 
    
    drop table if exists Usuario CASCADE 
Hibernate: 
    
    create table Usuario (
       id bigint generated by default as identity (start with 1),
        activo boolean,
        email varchar(255),
        password varchar(255),
        rol varchar(255),
        primary key (id)
    )
]]></system-out>
    <system-err><![CDATA[SLF4J: Failed to load class "org.slf4j.impl.StaticLoggerBinder".
SLF4J: Defaulting to no-operation (NOP) logger implementation
SLF4J: See http://www.slf4j.org/codes.html#StaticLoggerBinder for further details.
ago 30, 2023 12:06:02 P. M. org.hibernate.Version logVersion
INFO: HHH000412: Hibernate ORM core version 5.4.24.Final
ago 30, 2023 12:06:03 P. M. org.hibernate.annotations.common.reflection.java.JavaReflectionManager <clinit>
INFO: HCANN000001: Hibernate Commons Annotations {5.1.2.Final}
ago 30, 2023 12:06:06 P. M. org.hibernate.dialect.Dialect <init>
INFO: HHH000400: Using dialect: org.hibernate.dialect.HSQLDialect
ago 30, 2023 12:06:08 P. M. org.hibernate.engine.transaction.jta.platform.internal.JtaPlatformInitiator initiateService
INFO: HHH000490: Using JtaPlatform implementation: [org.hibernate.engine.transaction.jta.platform.internal.NoJtaPlatform]
]]></system-err>
  </testcase>
  <testcase name="debeRetornarLaPaginaLoginCuandoSeNavegaALaRaiz" classname="com.tallerwebi.integracion.ControladorLoginTest" time="0.619"/>
</testsuite>